2024-12-12 11:59:21 - Simulation Stopped
2024-12-12 12:17:26 - Simulation Started
2024-12-12 12:17:26 - Ticket buffer is full!
2024-12-12 12:17:26 - Vendor 1 released 6 tickets.
2024-12-12 12:17:26 - Waiting for the ticket to be available.
2024-12-12 12:17:26 - Customer 4 bought Ticket 5
2024-12-12 12:17:26 - Customer 5 bought Ticket 1
2024-12-12 12:17:26 - Customer 2 bought Ticket 9
2024-12-12 12:17:26 - Customer 3 bought Ticket 7
2024-12-12 12:17:26 - Vendor 2 released 6 tickets.
2024-12-12 12:17:26 - Customer 4 bought Ticket 6
2024-12-12 12:17:26 - Customer 5 bought Ticket 2
2024-12-12 12:17:26 - Waiting for the ticket to be available.
2024-12-12 12:17:26 - Customer 3 bought Ticket 3
2024-12-12 12:17:26 - Customer 2 bought Ticket 10
2024-12-12 12:17:26 - Customer 5 bought Ticket 4
2024-12-12 12:17:26 - Customer 3 bought Ticket 8
2024-12-12 12:17:27 - Customer 1 bought Ticket 11
2024-12-12 12:17:27 - Ticket buffer is full!
2024-12-12 12:17:27 - Customer 1 bought Ticket 12
2024-12-12 12:17:27 - Vendor 1 released 6 tickets.
2024-12-12 12:17:27 - Customer 1 bought Ticket 13
2024-12-12 12:17:28 - Ticket buffer is full!
2024-12-12 12:17:29 - Customer 5 bought Ticket 19
2024-12-12 12:17:29 - Ticket buffer is full!
2024-12-12 12:17:29 - Customer 2 bought Ticket 18
2024-12-12 12:17:29 - Customer 4 bought Ticket 14
2024-12-12 12:17:29 - Vendor 2 released 6 tickets.
2024-12-12 12:17:29 - Customer 3 bought Ticket 17
2024-12-12 12:17:29 - Customer 5 bought Ticket 20
2024-12-12 12:17:29 - Customer 4 bought Ticket 16
2024-12-12 12:17:30 - Vendor 1 released 6 tickets.
2024-12-12 12:17:30 - Customer 1 bought Ticket 21
2024-12-12 12:17:30 - Ticket buffer is full!
2024-12-12 12:17:31 - Ticket buffer is full!
2024-12-12 12:17:32 - Customer 5 bought Ticket 26
2024-12-12 12:17:32 - Vendor 2 released 6 tickets.
2024-12-12 12:17:32 - Customer 4 bought Ticket 28
2024-12-12 12:17:32 - Customer 3 bought Ticket 23
2024-12-12 12:17:32 - Ticket buffer is full!
2024-12-12 12:17:32 - Customer 2 bought Ticket 15
2024-12-12 12:17:32 - Customer 5 bought Ticket 27
2024-12-12 12:17:32 - Customer 4 bought Ticket 29
2024-12-12 12:17:32 - Customer 2 bought Ticket 22
2024-12-12 12:17:32 - Customer 3 bought Ticket 24
2024-12-12 12:17:32 - Customer 3 bought Ticket 25
2024-12-12 12:17:33 - Customer 1 bought Ticket 30
2024-12-12 12:17:33 - Vendor 1 released 6 tickets.
2024-12-12 12:17:33 - Customer 1 bought Ticket 31
2024-12-12 12:17:33 - Customer 1 bought Ticket 33
2024-12-12 12:17:33 - Ticket buffer is full!
2024-12-12 12:17:34 - Ticket buffer is full!
2024-12-12 12:17:35 - Customer 5 bought Ticket 34
2024-12-12 12:17:35 - Customer 3 bought Ticket 35
2024-12-12 12:17:35 - Ticket buffer is full!
2024-12-12 12:17:35 - Customer 3 bought Ticket 36
2024-12-12 12:17:35 - Customer 4 bought Ticket 32
2024-12-12 12:17:35 - Customer 2 bought Ticket 40
2024-12-12 12:17:35 - Ticket buffer is full!
2024-12-12 12:17:35 - Customer 3 bought Ticket 37
2024-12-12 12:17:35 - Customer 4 bought Ticket 38
2024-12-12 12:17:35 - Ticket buffer is full!
2024-12-12 12:17:35 - Customer 2 bought Ticket 41
2024-12-12 12:17:35 - Customer 4 bought Ticket 39
2024-12-12 12:17:36 - Customer 1 bought Ticket 42
2024-12-12 12:17:36 - Ticket buffer is full!
2024-12-12 12:17:36 - Vendor 2 released 6 tickets.
2024-12-12 12:17:36 - Customer 1 bought Ticket 43
2024-12-12 12:17:37 - Ticket buffer is full!
2024-12-12 12:17:38 - Customer 2 bought Ticket 46
2024-12-12 12:17:38 - Vendor 1 released 6 tickets.
2024-12-12 12:17:38 - Customer 3 bought Ticket 47
2024-12-12 12:17:38 - Customer 5 bought Ticket 45
2024-12-12 12:17:38 - Customer 4 bought Ticket 50
2024-12-12 12:17:38 - Ticket buffer is full!
2024-12-12 12:17:38 - Customer 3 bought Ticket 44
2024-12-12 12:17:38 - Customer 3 bought Ticket 49
2024-12-12 12:17:39 - Customer 1 bought Ticket 51
2024-12-12 12:17:39 - Vendor 2 released 6 tickets.
2024-12-12 12:17:39 - Customer 1 bought Ticket 52
2024-12-12 12:17:39 - Ticket buffer is full!
2024-12-12 12:17:40 - Ticket buffer is full!
2024-12-12 12:17:41 - Customer 5 bought Ticket 48
2024-12-12 12:17:41 - Customer 4 bought Ticket 54
2024-12-12 12:17:41 - Ticket buffer is full!
2024-12-12 12:17:41 - Ticket buffer is full!
2024-12-12 12:17:41 - Customer 2 bought Ticket 53
2024-12-12 12:17:41 - Customer 3 bought Ticket 57
2024-12-12 12:17:41 - Ticket buffer is full!
2024-12-12 12:17:41 - Customer 2 bought Ticket 55
2024-12-12 12:17:41 - Customer 3 bought Ticket 58
2024-12-12 12:17:41 - Customer 2 bought Ticket 56
2024-12-12 12:17:42 - Customer 1 bought Ticket 59
2024-12-12 12:17:42 - Vendor 1 released 6 tickets.
2024-12-12 12:17:42 - Ticket buffer is full!
2024-12-12 12:17:43 - Ticket buffer is full!
2024-12-12 12:17:44 - Customer 4 bought Ticket 69
2024-12-12 12:17:44 - Customer 5 bought Ticket 60
2024-12-12 12:17:44 - Customer 2 bought Ticket 64
2024-12-12 12:17:44 - Vendor 2 released 6 tickets.
2024-12-12 12:17:44 - Customer 3 bought Ticket 66
2024-12-12 12:17:44 - Vendor 1 released 6 tickets.
2024-12-12 12:17:44 - Customer 4 bought Ticket 70
2024-12-12 12:17:44 - Customer 5 bought Ticket 61
2024-12-12 12:17:44 - Customer 2 bought Ticket 63
2024-12-12 12:17:44 - Customer 3 bought Ticket 67
2024-12-12 12:17:44 - Customer 5 bought Ticket 62
2024-12-12 12:17:44 - Customer 3 bought Ticket 65
2024-12-12 12:17:45 - Customer 1 bought Ticket 68
2024-12-12 12:17:45 - Customer 1 bought Ticket 72
2024-12-12 12:17:45 - Customer 1 bought Ticket 73
2024-12-12 12:17:45 - Ticket buffer is full!
2024-12-12 12:17:45 - Ticket buffer is full!
2024-12-12 12:17:47 - Vendor 2 released 6 tickets.
2024-12-12 12:17:47 - Customer 3 bought Ticket 77
2024-12-12 12:17:47 - Vendor 1 released 6 tickets.
2024-12-12 12:17:47 - Customer 2 bought Ticket 78
2024-12-12 12:17:47 - Customer 5 bought Ticket 76
2024-12-12 12:17:47 - Customer 4 bought Ticket 71
2024-12-12 12:17:47 - Customer 2 bought Ticket 79
2024-12-12 12:17:47 - Customer 4 bought Ticket 74
2024-12-12 12:17:47 - Customer 2 bought Ticket 79
2024-12-12 12:17:47 - Customer 4 bought Ticket 75
2024-12-12 12:17:48 - Ticket buffer is full!
2024-12-12 12:17:48 - Customer 1 bought Ticket 81
2024-12-12 12:17:48 - Ticket buffer is full!
2024-12-12 12:17:48 - Customer 1 bought Ticket 82
2024-12-12 12:17:48 - Ticket buffer is full!
2024-12-12 12:17:50 - Customer 3 bought Ticket 87
2024-12-12 12:17:50 - Vendor 2 released 6 tickets.
2024-12-12 12:17:50 - Customer 4 bought Ticket 85
2024-12-12 12:17:50 - Customer 2 bought Ticket 83
2024-12-12 12:17:50 - Ticket buffer is full!
2024-12-12 12:17:50 - Customer 5 bought Ticket 88
2024-12-12 12:17:50 - Customer 4 bought Ticket 80
2024-12-12 12:17:50 - Customer 5 bought Ticket 89
2024-12-12 12:17:50 - Customer 2 bought Ticket 84
2024-12-12 12:17:50 - Customer 4 bought Ticket 86
2024-12-12 12:17:50 - Customer 5 bought Ticket 90
2024-12-12 12:17:51 - Ticket buffer is full!
2024-12-12 12:17:51 - Customer 1 bought Ticket 91
2024-12-12 12:17:51 - Vendor 1 released 6 tickets.
2024-12-12 12:17:51 - Ticket buffer is full!
2024-12-12 12:17:51 - Customer 1 bought Ticket 92
2024-12-12 12:17:51 - Customer 1 bought Ticket 93
2024-12-12 12:17:52 - Ticket buffer is full!
2024-12-12 12:17:53 - Customer 3 bought Ticket 90
2024-12-12 12:17:53 - Customer 2 bought Ticket 97
2024-12-12 12:17:53 - Customer 4 bought Ticket 94
2024-12-12 12:17:53 - Vendor 2 released 6 tickets.
2024-12-12 12:17:53 - Customer 5 bought Ticket 100
2024-12-12 12:17:53 - Ticket buffer is full!
2024-12-12 12:17:53 - Customer 2 bought Ticket 98
2024-12-12 12:17:53 - Customer 3 bought Ticket 96
2024-12-12 12:17:53 - Customer 4 bought Ticket 95
2024-12-12 12:17:53 - Customer 5 bought Ticket 101
2024-12-12 12:17:53 - Customer 2 bought Ticket 99
2024-12-12 12:17:54 - Ticket buffer is full!
2024-12-12 12:17:54 - Customer 1 bought Ticket 102
2024-12-12 12:17:54 - Ticket buffer is full!
2024-12-12 12:17:56 - Customer 4 bought Ticket 103
2024-12-12 12:17:56 - Customer 5 bought Ticket 106
2024-12-12 12:17:56 - Ticket buffer is full!
2024-12-12 12:17:56 - Customer 5 bought Ticket 107
2024-12-12 12:17:56 - Customer 4 bought Ticket 105
2024-12-12 12:17:56 - Customer 3 bought Ticket 104
2024-12-12 12:17:56 - Vendor 2 released 6 tickets.
2024-12-12 12:17:56 - Vendor 1 released 6 tickets.
2024-12-12 12:17:56 - Customer 2 bought Ticket 110
2024-12-12 12:17:56 - Customer 3 bought Ticket 108
2024-12-12 12:17:56 - Customer 2 bought Ticket 111
2024-12-12 12:17:56 - Customer 3 bought Ticket 109
2024-12-12 12:17:56 - Customer 2 bought Ticket 113
2024-12-12 12:17:57 - Customer 1 bought Ticket 114
2024-12-12 12:17:57 - Customer 1 bought Ticket 115
2024-12-12 12:17:57 - Customer 1 bought Ticket 116
2024-12-12 12:17:57 - Ticket buffer is full!
2024-12-12 12:17:57 - Vendor 1 released 6 tickets.
2024-12-12 12:17:58 - Ticket buffer is full!
2024-12-12 12:17:59 - Customer 5 bought Ticket 117
2024-12-12 12:17:59 - Vendor 2 released 6 tickets.
2024-12-12 12:17:59 - Customer 2 bought Ticket 124
2024-12-12 12:17:59 - Customer 4 bought Ticket 123
2024-12-12 12:17:59 - Customer 3 bought Ticket 119
2024-12-12 12:17:59 - Ticket buffer is full!
2024-12-12 12:17:59 - Customer 5 bought Ticket 112
2024-12-12 12:17:59 - Customer 2 bought Ticket 125
2024-12-12 12:17:59 - Customer 3 bought Ticket 120
2024-12-12 12:17:59 - Customer 5 bought Ticket 118
2024-12-12 12:17:59 - Customer 2 bought Ticket 126
2024-12-12 12:17:59 - Customer 3 bought Ticket 122
2024-12-12 12:18:00 - Vendor 1 released 6 tickets.
2024-12-12 12:18:00 - Customer 1 bought Ticket 121
2024-12-12 12:18:00 - Ticket buffer is full!
2024-12-12 12:18:01 - Ticket buffer is full!
2024-12-12 12:18:02 - Customer 3 bought Ticket 128
2024-12-12 12:18:02 - Customer 4 bought Ticket 130
2024-12-12 12:18:02 - Ticket buffer is full!
2024-12-12 12:18:02 - Customer 2 bought Ticket 132
2024-12-12 12:18:02 - Customer 5 bought Ticket 134
2024-12-12 12:18:02 - Vendor 2 released 6 tickets.
2024-12-12 12:18:02 - Customer 2 bought Ticket 133
2024-12-12 12:18:02 - Customer 4 bought Ticket 131
2024-12-12 12:18:02 - Customer 3 bought Ticket 129
2024-12-12 12:18:02 - Customer 4 bought Ticket 127
2024-12-12 12:18:03 - Ticket buffer is full!
2024-12-12 12:18:03 - Customer 1 bought Ticket 135
2024-12-12 12:18:03 - Customer 1 bought Ticket 136
2024-12-12 12:18:03 - Ticket buffer is full!
2024-12-12 12:18:05 - Vendor 1 released 6 tickets.
2024-12-12 12:18:05 - Ticket buffer is full!
2024-12-12 12:18:05 - Customer 5 bought Ticket 137
2024-12-12 12:18:05 - Customer 3 bought Ticket 140
2024-12-12 12:18:05 - Customer 4 bought Ticket 139
2024-12-12 12:18:05 - Ticket buffer is full!
2024-12-12 12:18:05 - Customer 2 bought Ticket 141
2024-12-12 12:18:05 - Customer 2 bought Ticket 142
2024-12-12 12:18:05 - Customer 2 bought Ticket 143
2024-12-12 12:18:06 - Ticket buffer is full!
2024-12-12 12:18:06 - Customer 1 bought Ticket 138
2024-12-12 12:18:06 - Ticket buffer is full!
2024-12-12 12:18:06 - Ticket buffer is full!
2024-12-12 12:18:08 - Vendor 2 released 6 tickets.
2024-12-12 12:18:08 - Customer 5 bought Ticket 144
2024-12-12 12:18:08 - Ticket buffer is full!
2024-12-12 12:18:08 - Vendor 1 released 6 tickets.
2024-12-12 12:18:08 - Customer 3 bought Ticket 147
2024-12-12 12:18:08 - Customer 2 bought Ticket 150
2024-12-12 12:18:08 - Customer 4 bought Ticket 145
2024-12-12 12:18:08 - Customer 3 bought Ticket 149
2024-12-12 12:18:08 - Customer 2 bought Ticket 151
2024-12-12 12:18:08 - Customer 3 bought Ticket 148
2024-12-12 12:18:08 - Customer 4 bought Ticket 146
2024-12-12 12:18:08 - Customer 2 bought Ticket 152
2024-12-12 12:18:09 - Ticket buffer is full!
2024-12-12 12:18:09 - Ticket buffer is full!
2024-12-12 12:18:09 - Ticket buffer is full!
2024-12-12 12:18:09 - Customer 1 bought Ticket 153
2024-12-12 12:18:09 - Customer 1 bought Ticket 155
2024-12-12 12:18:09 - Ticket buffer is full!
2024-12-12 12:18:09 - Customer 1 bought Ticket 154
2024-12-12 12:18:11 - Customer 5 bought Ticket 159
2024-12-12 12:18:11 - Customer 4 bought Ticket 161
2024-12-12 12:18:11 - Vendor 2 released 6 tickets.
2024-12-12 12:18:11 - Customer 2 bought Ticket 156
2024-12-12 12:18:11 - Customer 3 bought Ticket 157
2024-12-12 12:18:11 - Vendor 1 released 6 tickets.
2024-12-12 12:18:11 - Customer 4 bought Ticket 161
2024-12-12 12:18:11 - Customer 5 bought Ticket 160
2024-12-12 12:18:11 - Customer 3 bought Ticket 158
2024-12-12 12:18:11 - Customer 4 bought Ticket 162
2024-12-12 12:18:12 - Ticket buffer is full!
2024-12-12 12:18:12 - Customer 1 bought Ticket 164
2024-12-12 12:18:12 - Ticket buffer is full!
2024-12-12 12:18:14 - Customer 5 bought Ticket 171
2024-12-12 12:18:14 - Vendor 2 released 6 tickets.
2024-12-12 12:18:14 - Customer 4 bought Ticket 168
2024-12-12 12:18:14 - Ticket buffer is full!
2024-12-12 12:18:14 - Customer 2 bought Ticket 166
2024-12-12 12:18:14 - Customer 3 bought Ticket 165
2024-12-12 12:18:14 - Customer 4 bought Ticket 169
2024-12-12 12:18:14 - Customer 3 bought Ticket 163
2024-12-12 12:18:14 - Customer 4 bought Ticket 170
2024-12-12 12:18:14 - Customer 3 bought Ticket 167
2024-12-12 12:18:15 - Ticket buffer is full!
2024-12-12 12:18:15 - Customer 1 bought Ticket 173
2024-12-12 12:18:15 - Ticket buffer is full!
2024-12-12 12:18:15 - Vendor 1 released 6 tickets.
2024-12-12 12:18:15 - Customer 1 bought Ticket 172
2024-12-12 12:18:15 - Customer 1 bought Ticket 174
2024-12-12 12:18:16 - Ticket buffer is full!
2024-12-12 12:18:17 - Ticket buffer is full!
2024-12-12 12:18:17 - Customer 4 bought Ticket 176
2024-12-12 12:18:17 - Customer 2 bought Ticket 180
2024-12-12 12:18:17 - Customer 3 bought Ticket 178
2024-12-12 12:18:17 - Vendor 2 released 6 tickets.
2024-12-12 12:18:17 - Customer 4 bought Ticket 177
2024-12-12 12:18:17 - Customer 3 bought Ticket 179
2024-12-12 12:18:17 - Customer 5 bought Ticket 182
2024-12-12 12:18:17 - Ticket buffer is full!
2024-12-12 12:18:17 - Customer 2 bought Ticket 181
2024-12-12 12:18:17 - Customer 3 bought Ticket 175
2024-12-12 12:18:17 - Customer 5 bought Ticket 184
2024-12-12 12:18:18 - Ticket buffer is full!
2024-12-12 12:18:18 - Vendor 1 released 6 tickets.
2024-12-12 12:18:18 - Customer 1 bought Ticket 183
2024-12-12 12:18:18 - Ticket buffer is full!
2024-12-12 12:18:18 - Customer 1 bought Ticket 185
2024-12-12 12:18:19 - Ticket buffer is full!
2024-12-12 12:18:20 - Customer 2 bought Ticket 191
2024-12-12 12:18:20 - Vendor 2 released 6 tickets.
2024-12-12 12:18:20 - Ticket buffer is full!
2024-12-12 12:18:20 - Customer 5 bought Ticket 190
2024-12-12 12:18:20 - Customer 4 bought Ticket 187
2024-12-12 12:18:20 - Ticket buffer is full!
2024-12-12 12:18:20 - Customer 5 bought Ticket 186
2024-12-12 12:18:20 - Customer 3 bought Ticket 192
2024-12-12 12:18:20 - Customer 4 bought Ticket 188
2024-12-12 12:18:20 - Customer 3 bought Ticket 193
2024-12-12 12:18:20 - Customer 4 bought Ticket 189
2024-12-12 12:18:21 - Ticket buffer is full!
2024-12-12 12:18:21 - Customer 1 bought Ticket 194
2024-12-12 12:18:21 - Customer 1 bought Ticket 196
2024-12-12 12:18:21 - Ticket buffer is full!
2024-12-12 12:18:21 - Ticket buffer is full!
2024-12-12 12:18:23 - Customer 2 bought Ticket 195
2024-12-12 12:18:23 - Ticket buffer is full!
2024-12-12 12:18:23 - Ticket buffer is full!
2024-12-12 12:18:23 - Customer 5 bought Ticket 199
2024-12-12 12:18:23 - Customer 3 bought Ticket 198
2024-12-12 12:18:23 - Ticket buffer is full!
2024-12-12 12:18:23 - Vendor 1 released 6 tickets.
2024-12-12 12:18:23 - Customer 5 bought Ticket 200
2024-12-12 12:18:23 - Ticket buffer is full!
2024-12-12 12:18:23 - Customer 4 bought Ticket 202
2024-12-12 12:18:23 - Customer 5 bought Ticket 201
2024-12-12 12:18:24 - Ticket buffer is full!
2024-12-12 12:18:24 - Customer 1 bought Ticket 197
2024-12-12 12:18:24 - Vendor 2 released 6 tickets.
2024-12-12 12:18:24 - Ticket buffer is full!
2024-12-12 12:18:24 - Customer 1 bought Ticket 203
2024-12-12 12:18:25 - Ticket buffer is full!
2024-12-12 12:18:26 - Ticket buffer is full!
2024-12-12 12:18:26 - Customer 3 bought Ticket 204
2024-12-12 12:18:26 - Ticket buffer is full!
2024-12-12 12:18:26 - Customer 3 bought Ticket 206
2024-12-12 12:18:26 - Customer 3 bought Ticket 207
2024-12-12 12:18:26 - Customer 4 bought Ticket 208
2024-12-12 12:18:26 - Ticket buffer is full!
2024-12-12 12:18:26 - Vendor 1 released 6 tickets.
2024-12-12 12:18:26 - Customer 4 bought Ticket 205
2024-12-12 12:18:26 - Customer 2 bought Ticket 214
2024-12-12 12:18:26 - Customer 5 bought Ticket 210
2024-12-12 12:18:26 - Vendor 2 released 6 tickets.
2024-12-12 12:18:26 - Customer 4 bought Ticket 209
2024-12-12 12:18:26 - Customer 2 bought Ticket 213
2024-12-12 12:18:26 - Customer 5 bought Ticket 211
2024-12-12 12:18:26 - Customer 5 bought Ticket 212
2024-12-12 12:18:26 - Customer 2 bought Ticket 216
2024-12-12 12:18:27 - Ticket buffer is full!
2024-12-12 12:18:27 - Ticket buffer is full!
2024-12-12 12:18:27 - Ticket buffer is full!
2024-12-12 12:18:27 - Customer 1 bought Ticket 217
2024-12-12 12:18:27 - Ticket buffer is full!
2024-12-12 12:18:29 - Customer 3 bought Ticket 218
2024-12-12 12:18:29 - Ticket buffer is full!
2024-12-12 12:18:29 - Customer 3 bought Ticket 219
2024-12-12 12:18:29 - Ticket buffer is full!
2024-12-12 12:18:29 - Ticket buffer is full!
2024-12-12 12:18:29 - Vendor 1 released 6 tickets.
2024-12-12 12:18:29 - Customer 4 bought Ticket 220
2024-12-12 12:18:29 - Customer 5 bought Ticket 224
2024-12-12 12:18:29 - Customer 2 bought Ticket 221
2024-12-12 12:18:29 - Customer 4 bought Ticket 215
2024-12-12 12:18:29 - Customer 5 bought Ticket 225
2024-12-12 12:18:29 - Customer 2 bought Ticket 222
2024-12-12 12:18:29 - Customer 2 bought Ticket 223
2024-12-12 12:18:29 - Customer 5 bought Ticket 226
2024-12-12 12:18:30 - Ticket buffer is full!
2024-12-12 12:18:30 - Customer 1 bought Ticket 228
2024-12-12 12:18:30 - Ticket buffer is full!
2024-12-12 12:18:30 - Customer 1 bought Ticket 229
2024-12-12 12:18:32 - Ticket buffer is full!
2024-12-12 12:18:32 - Customer 3 bought Ticket 230
2024-12-12 12:18:32 - Ticket buffer is full!
2024-12-12 12:18:32 - Vendor 2 released 6 tickets.
2024-12-12 12:18:32 - Vendor 1 released 6 tickets.
2024-12-12 12:18:32 - Customer 2 bought Ticket 235
2024-12-12 12:18:32 - Customer 5 bought Ticket 233
2024-12-12 12:18:32 - Customer 4 bought Ticket 231
2024-12-12 12:18:32 - Customer 2 bought Ticket 236
2024-12-12 12:18:32 - Customer 5 bought Ticket 234
2024-12-12 12:18:32 - Customer 4 bought Ticket 232
2024-12-12 12:18:32 - Customer 4 bought Ticket 227
2024-12-12 12:18:33 - Ticket buffer is full!
2024-12-12 12:18:33 - Ticket buffer is full!
2024-12-12 12:18:33 - Customer 1 bought Ticket 238
2024-12-12 12:18:33 - Ticket buffer is full!
2024-12-12 12:18:33 - Ticket buffer is full!
2024-12-12 12:18:35 - Vendor 2 released 6 tickets.
2024-12-12 12:18:35 - Ticket buffer is full!
2024-12-12 12:18:35 - Customer 3 bought Ticket 239
2024-12-12 12:18:35 - Customer 3 bought Ticket 240
2024-12-12 12:18:35 - Customer 3 bought Ticket 241
2024-12-12 12:18:35 - Ticket buffer is full!
2024-12-12 12:18:35 - Customer 4 bought Ticket 242
2024-12-12 12:18:35 - Ticket buffer is full!
2024-12-12 12:18:35 - Customer 2 bought Ticket 237
2024-12-12 12:18:35 - Ticket buffer is full!
2024-12-12 12:18:35 - Customer 5 bought Ticket 243
2024-12-12 12:18:36 - Ticket buffer is full!
2024-12-12 12:18:36 - Ticket buffer is full!
2024-12-12 12:18:36 - Customer 1 bought Ticket 244
2024-12-12 12:18:36 - Ticket buffer is full!
2024-12-12 12:18:38 - Ticket buffer is full!
2024-12-12 12:18:38 - Customer 3 bought Ticket 245
2024-12-12 12:18:38 - Ticket buffer is full!
2024-12-12 12:18:38 - Customer 4 bought Ticket 246
2024-12-12 12:18:38 - Ticket buffer is full!
2024-12-12 12:18:38 - Customer 4 bought Ticket 247
2024-12-12 12:18:38 - Ticket buffer is full!
2024-12-12 12:18:38 - Ticket buffer is full!
2024-12-12 12:18:38 - Customer 2 bought Ticket 249
2024-12-12 12:18:38 - Ticket buffer is full!
2024-12-12 12:18:38 - Customer 5 bought Ticket 250
2024-12-12 12:18:38 - Vendor 2 released 6 tickets.
2024-12-12 12:18:38 - Ticket buffer is full!
2024-12-12 12:18:38 - Customer 5 bought Ticket 248
2024-12-12 12:18:39 - Vendor 1 released 6 tickets.
2024-12-12 12:18:39 - Customer 1 bought Ticket 251
2024-12-12 12:18:39 - Customer 1 bought Ticket 252
2024-12-12 12:18:39 - Ticket buffer is full!
2024-12-12 12:18:40 - Ticket buffer is full!
2024-12-12 12:18:41 - Ticket buffer is full!
2024-12-12 12:18:41 - Customer 3 bought Ticket 253
2024-12-12 12:18:41 - Ticket buffer is full!
2024-12-12 12:18:41 - Ticket buffer is full!
2024-12-12 12:18:41 - Customer 4 bought Ticket 254
2024-12-12 12:18:41 - Ticket buffer is full!
2024-12-12 12:18:41 - Ticket buffer is full!
2024-12-12 12:18:41 - Customer 2 bought Ticket 255
2024-12-12 12:18:41 - Customer 2 bought Ticket 257
2024-12-12 12:18:41 - Ticket buffer is full!
2024-12-12 12:18:41 - Vendor 2 released 6 tickets.
2024-12-12 12:18:41 - Customer 5 bought Ticket 258
2024-12-12 12:18:41 - Ticket buffer is full!
2024-12-12 12:18:41 - Customer 5 bought Ticket 259
2024-12-12 12:18:42 - Customer 1 bought Ticket 260
2024-12-12 12:18:42 - Ticket buffer is full!
2024-12-12 12:18:43 - Ticket buffer is full!
2024-12-12 12:18:44 - Customer 3 bought Ticket 261
2024-12-12 12:18:44 - Ticket buffer is full!
2024-12-12 12:18:44 - Customer 3 bought Ticket 256
2024-12-12 12:18:44 - Ticket buffer is full!
2024-12-12 12:18:44 - Customer 3 bought Ticket 262
2024-12-12 12:18:44 - Customer 4 bought Ticket 263
2024-12-12 12:18:44 - Ticket buffer is full!
2024-12-12 12:18:44 - Ticket buffer is full!
2024-12-12 12:18:44 - Customer 2 bought Ticket 265
2024-12-12 12:18:44 - Ticket buffer is full!
2024-12-12 12:18:44 - Customer 2 bought Ticket 266
2024-12-12 12:18:44 - Ticket buffer is full!
2024-12-12 12:18:44 - Customer 2 bought Ticket 264
2024-12-12 12:18:44 - Ticket buffer is full!
2024-12-12 12:18:44 - Customer 5 bought Ticket 267
2024-12-12 12:18:44 - Ticket buffer is full!
2024-12-12 12:18:45 - Vendor 2 released 6 tickets.
2024-12-12 12:18:45 - Vendor 1 released 6 tickets.
2024-12-12 12:18:45 - Customer 1 bought Ticket 269
2024-12-12 12:18:45 - Customer 1 bought Ticket 268
2024-12-12 12:18:45 - Customer 1 bought Ticket 270
2024-12-12 12:18:46 - Ticket buffer is full!
2024-12-12 12:18:46 - Ticket buffer is full!
2024-12-12 12:18:47 - Ticket buffer is full!
2024-12-12 12:18:47 - Customer 3 bought Ticket 272
2024-12-12 12:18:47 - Ticket buffer is full!
2024-12-12 12:18:47 - Ticket buffer is full!
2024-12-12 12:18:47 - Customer 4 bought Ticket 273
2024-12-12 12:18:47 - Customer 4 bought Ticket 271
2024-12-12 12:18:47 - Ticket buffer is full!
2024-12-12 12:18:47 - Customer 4 bought Ticket 275
2024-12-12 12:18:47 - Ticket buffer is full!
2024-12-12 12:18:47 - Customer 2 bought Ticket 276
2024-12-12 12:18:47 - Customer 2 bought Ticket 277
2024-12-12 12:18:47 - Ticket buffer is full!
2024-12-12 12:18:47 - Customer 2 bought Ticket 278
2024-12-12 12:18:48 - Customer 5 bought Ticket 279
2024-12-12 12:18:48 - Ticket buffer is full!
2024-12-12 12:18:48 - Ticket buffer is full!
2024-12-12 12:18:48 - Customer 1 bought Ticket 274
2024-12-12 12:18:48 - Vendor 2 released 6 tickets.
2024-12-12 12:18:48 - Ticket buffer is full!
2024-12-12 12:18:48 - Customer 1 bought Ticket 280
2024-12-12 12:18:49 - Ticket buffer is full!
2024-12-12 12:18:50 - Customer 3 bought Ticket 280
2024-12-12 12:18:50 - Vendor 1 released 6 tickets.
2024-12-12 12:18:50 - Ticket buffer is full!
2024-12-12 12:18:50 - Customer 3 bought Ticket 282
2024-12-12 12:18:50 - Ticket buffer is full!
2024-12-12 12:18:50 - Customer 4 bought Ticket 283
2024-12-12 12:18:50 - Customer 4 bought Ticket 284
2024-12-12 12:18:50 - Customer 4 bought Ticket 285
2024-12-12 12:18:51 - Vendor 2 released 6 tickets.
2024-12-12 12:18:51 - Customer 2 bought Ticket 281
2024-12-12 12:18:51 - Customer 2 bought Ticket 287
2024-12-12 12:18:51 - Customer 5 bought Ticket 288
2024-12-12 12:18:51 - Customer 5 bought Ticket 289
2024-12-12 12:18:51 - Customer 5 bought Ticket 290
2024-12-12 12:18:51 - Ticket buffer is full!
2024-12-12 12:18:51 - Customer 1 bought Ticket 286
2024-12-12 12:18:51 - Ticket buffer is full!
2024-12-12 12:18:52 - Ticket buffer is full!
2024-12-12 12:18:53 - Customer 3 bought Ticket 291
2024-12-12 12:18:53 - Ticket buffer is full!
2024-12-12 12:18:53 - Ticket buffer is full!
2024-12-12 12:18:53 - Customer 4 bought Ticket 292
2024-12-12 12:18:53 - Ticket buffer is full!
2024-12-12 12:18:53 - Customer 4 bought Ticket 293
2024-12-12 12:18:53 - Ticket buffer is full!
2024-12-12 12:18:53 - Customer 4 bought Ticket 294
2024-12-12 12:18:54 - Vendor 1 released 6 tickets.
2024-12-12 12:18:54 - Customer 2 bought Ticket 295
2024-12-12 12:18:54 - Ticket buffer is full!
2024-12-12 12:18:54 - Customer 2 bought Ticket 296
2024-12-12 12:18:54 - Customer 2 bought Ticket 297
2024-12-12 12:18:54 - Customer 5 bought Ticket 298
2024-12-12 12:18:54 - Vendor 2 released 6 tickets.
2024-12-12 12:18:54 - Customer 5 bought Ticket 299
2024-12-12 12:18:54 - Customer 1 bought Ticket 300
2024-12-12 12:18:55 - Ticket buffer is full!
2024-12-12 12:18:55 - Ticket buffer is full!
2024-12-12 12:18:56 - Ticket buffer is full!
2024-12-12 12:18:56 - Customer 3 bought Ticket 301
2024-12-12 12:18:56 - Customer 3 bought Ticket 302
2024-12-12 12:18:56 - Ticket buffer is full!
2024-12-12 12:18:56 - Customer 3 bought Ticket 304
2024-12-12 12:18:57 - Vendor 1 released 6 tickets.
2024-12-12 12:18:57 - Ticket buffer is full!
2024-12-12 12:18:57 - Customer 4 bought Ticket 305
2024-12-12 12:18:57 - Ticket buffer is full!
2024-12-12 12:18:57 - Customer 2 bought Ticket 306
2024-12-12 12:18:57 - Customer 2 bought Ticket 307
2024-12-12 12:18:57 - Customer 2 bought Ticket 303
2024-12-12 12:18:57 - Customer 5 bought Ticket 308
2024-12-12 12:18:57 - Ticket buffer is full!
2024-12-12 12:18:57 - Customer 1 bought Ticket 309
2024-12-12 12:18:57 - Vendor 2 released 6 tickets.
2024-12-12 12:18:57 - Customer 1 bought Ticket 310
2024-12-12 12:18:58 - Ticket buffer is full!
2024-12-12 12:18:58 - Ticket buffer is full!
2024-12-12 12:19:00 - Ticket buffer is full!
2024-12-12 12:19:00 - Customer 3 bought Ticket 311
2024-12-12 12:19:00 - Ticket buffer is full!
2024-12-12 12:19:00 - Customer 3 bought Ticket 313
2024-12-12 12:19:00 - Customer 3 bought Ticket 314
2024-12-12 12:19:00 - Ticket buffer is full!
2024-12-12 12:19:00 - Customer 4 bought Ticket 315
2024-12-12 12:19:00 - Ticket buffer is full!
2024-12-12 12:19:00 - Ticket buffer is full!
2024-12-12 12:19:00 - Vendor 1 released 6 tickets.
2024-12-12 12:19:00 - Customer 2 bought Ticket 312
2024-12-12 12:19:00 - Customer 2 bought Ticket 316
2024-12-12 12:19:00 - Customer 2 bought Ticket 317
2024-12-12 12:19:00 - Customer 5 bought Ticket 318
2024-12-12 12:19:00 - Ticket buffer is full!
2024-12-12 12:19:00 - Customer 5 bought Ticket 319
2024-12-12 12:19:00 - Ticket buffer is full!
2024-12-12 12:19:00 - Customer 1 bought Ticket 320
2024-12-12 12:19:01 - Ticket buffer is full!
2024-12-12 12:19:03 - Ticket buffer is full!
2024-12-12 12:19:03 - Customer 3 bought Ticket 321
2024-12-12 12:19:03 - Ticket buffer is full!
2024-12-12 12:19:03 - Vendor 2 released 6 tickets.
2024-12-12 12:19:03 - Customer 4 bought Ticket 323
2024-12-12 12:19:03 - Ticket buffer is full!
2024-12-12 12:19:03 - Customer 4 bought Ticket 324
2024-12-12 12:19:03 - Customer 4 bought Ticket 325
2024-12-12 12:19:03 - Customer 2 bought Ticket 326
2024-12-12 12:19:03 - Customer 5 bought Ticket 322
2024-12-12 12:19:03 - Vendor 1 released 6 tickets.
2024-12-12 12:19:03 - Customer 2 bought Ticket 327
2024-12-12 12:19:03 - Customer 5 bought Ticket 328
2024-12-12 12:19:03 - Customer 5 bought Ticket 329
2024-12-12 12:19:04 - Customer 1 bought Ticket 330
2024-12-12 12:19:04 - Customer 1 bought Ticket 331
2024-12-12 12:19:04 - Customer 1 bought Ticket 333
2024-12-12 12:19:04 - Ticket buffer is full!
2024-12-12 12:19:04 - Ticket buffer is full!
2024-12-12 12:19:06 - Customer 3 bought Ticket 332
2024-12-12 12:19:06 - Ticket buffer is full!
2024-12-12 12:19:06 - Ticket buffer is full!
2024-12-12 12:19:06 - Customer 4 bought Ticket 334
2024-12-12 12:19:06 - Ticket buffer is full!
2024-12-12 12:19:06 - Vendor 2 released 6 tickets.
2024-12-12 12:19:06 - Customer 4 bought Ticket 335
2024-12-12 12:19:06 - Customer 5 bought Ticket 339
2024-12-12 12:19:06 - Customer 2 bought Ticket 336
2024-12-12 12:19:06 - Vendor 1 released 6 tickets.
2024-12-12 12:19:06 - Customer 5 bought Ticket 340
2024-12-12 12:19:06 - Customer 2 bought Ticket 337
2024-12-12 12:19:06 - Customer 5 bought Ticket 341
2024-12-12 12:19:06 - Customer 2 bought Ticket 338
2024-12-12 12:19:07 - Customer 1 bought Ticket 342
2024-12-12 12:19:07 - Ticket buffer is full!
2024-12-12 12:19:07 - Ticket buffer is full!
2024-12-12 12:19:09 - Ticket buffer is full!
2024-12-12 12:19:09 - Customer 3 bought Ticket 343
2024-12-12 12:19:09 - Ticket buffer is full!
2024-12-12 12:19:09 - Customer 3 bought Ticket 345
2024-12-12 12:19:09 - Ticket buffer is full!
2024-12-12 12:19:09 - Vendor 2 released 6 tickets.
2024-12-12 12:19:09 - Customer 4 bought Ticket 344
2024-12-12 12:19:09 - Customer 4 bought Ticket 346
2024-12-12 12:19:09 - Customer 4 bought Ticket 347
2024-12-12 12:19:09 - Customer 5 bought Ticket 350
2024-12-12 12:19:09 - Vendor 1 released 6 tickets.
2024-12-12 12:19:09 - Customer 2 bought Ticket 348
2024-12-12 12:19:09 - Customer 5 bought Ticket 351
2024-12-12 12:19:09 - Customer 2 bought Ticket 349
2024-12-12 12:19:09 - Customer 5 bought Ticket 352
2024-12-12 12:19:10 - Customer 1 bought Ticket 353
2024-12-12 12:19:10 - Ticket buffer is full!
2024-12-12 12:19:10 - Ticket buffer is full!
2024-12-12 12:19:12 - Customer 3 bought Ticket 355
2024-12-12 12:19:12 - Ticket buffer is full!
2024-12-12 12:19:12 - Customer 3 bought Ticket 356
2024-12-12 12:19:12 - Ticket buffer is full!
2024-12-12 12:19:12 - Customer 4 bought Ticket 354
2024-12-12 12:19:12 - Ticket buffer is full!
2024-12-12 12:19:12 - Ticket buffer is full!
2024-12-12 12:19:12 - Customer 4 bought Ticket 357
2024-12-12 12:19:12 - Customer 5 bought Ticket 358
2024-12-12 12:19:12 - Ticket buffer is full!
2024-12-12 12:19:12 - Customer 2 bought Ticket 360
2024-12-12 12:19:12 - Vendor 2 released 6 tickets.
2024-12-12 12:19:12 - Customer 5 bought Ticket 359
2024-12-12 12:19:12 - Customer 2 bought Ticket 361
2024-12-12 12:19:12 - Customer 2 bought Ticket 362
2024-12-12 12:19:13 - Customer 1 bought Ticket 363
2024-12-12 12:19:13 - Vendor 1 released 6 tickets.
2024-12-12 12:19:13 - Customer 1 bought Ticket 364
2024-12-12 12:19:13 - Customer 1 bought Ticket 366
2024-12-12 12:19:13 - Ticket buffer is full!
2024-12-12 12:19:14 - Ticket buffer is full!
2024-12-12 12:19:15 - Customer 3 bought Ticket 367
2024-12-12 12:19:15 - Ticket buffer is full!
2024-12-12 12:19:15 - Customer 3 bought Ticket 368
2024-12-12 12:19:15 - Ticket buffer is full!
2024-12-12 12:19:15 - Ticket buffer is full!
2024-12-12 12:19:15 - Customer 4 bought Ticket 369
2024-12-12 12:19:15 - Ticket buffer is full!
2024-12-12 12:19:15 - Customer 4 bought Ticket 365
2024-12-12 12:19:15 - Ticket buffer is full!
2024-12-12 12:19:15 - Customer 5 bought Ticket 373
2024-12-12 12:19:15 - Vendor 2 released 6 tickets.
2024-12-12 12:19:15 - Customer 2 bought Ticket 370
2024-12-12 12:19:15 - Customer 2 bought Ticket 371
2024-12-12 12:19:15 - Customer 2 bought Ticket 372
2024-12-12 12:19:16 - Ticket buffer is full!
2024-12-12 12:19:16 - Customer 1 bought Ticket 374
2024-12-12 12:19:16 - Ticket buffer is full!
2024-12-12 12:19:18 - Customer 3 bought Ticket 375
2024-12-12 12:19:18 - Ticket buffer is full!
2024-12-12 12:19:18 - Ticket buffer is full!
2024-12-12 12:19:18 - Customer 4 bought Ticket 376
2024-12-12 12:19:18 - Ticket buffer is full!
2024-12-12 12:19:18 - Vendor 1 released 6 tickets.
2024-12-12 12:19:18 - Customer 5 bought Ticket 380
2024-12-12 12:19:18 - Customer 2 bought Ticket 378
2024-12-12 12:19:18 - Ticket buffer is full!
2024-12-12 12:19:18 - Customer 5 bought Ticket 381
2024-12-12 12:19:18 - Customer 2 bought Ticket 379
2024-12-12 12:19:19 - Customer 1 bought Ticket 377
2024-12-12 12:19:19 - Vendor 2 released 6 tickets.
2024-12-12 12:19:19 - Customer 1 bought Ticket 382
2024-12-12 12:19:19 - Customer 1 bought Ticket 383
2024-12-12 12:19:19 - Ticket buffer is full!
2024-12-12 12:19:20 - Ticket buffer is full!
2024-12-12 12:19:21 - Customer 3 bought Ticket 384
2024-12-12 12:19:21 - Ticket buffer is full!
2024-12-12 12:19:21 - Ticket buffer is full!
2024-12-12 12:19:21 - Customer 4 bought Ticket 385
2024-12-12 12:19:21 - Ticket buffer is full!
2024-12-12 12:19:21 - Customer 4 bought Ticket 387
2024-12-12 12:19:21 - Ticket buffer is full!
2024-12-12 12:19:21 - Vendor 1 released 6 tickets.
2024-12-12 12:19:21 - Ticket buffer is full!
2024-12-12 12:19:21 - Customer 2 bought Ticket 386
2024-12-12 12:19:21 - Customer 5 bought Ticket 390
2024-12-12 12:19:21 - Customer 2 bought Ticket 388
2024-12-12 12:19:21 - Customer 2 bought Ticket 389
2024-12-12 12:19:22 - Customer 1 bought Ticket 391
2024-12-12 12:19:22 - Ticket buffer is full!
2024-12-12 12:19:22 - Ticket buffer is full!
2024-12-12 12:19:24 - Ticket buffer is full!
2024-12-12 12:19:24 - Customer 3 bought Ticket 392
2024-12-12 12:19:24 - Ticket buffer is full!
2024-12-12 12:19:24 - Ticket buffer is full!
2024-12-12 12:19:24 - Vendor 2 released 6 tickets.
2024-12-12 12:19:24 - Customer 4 bought Ticket 393
2024-12-12 12:19:24 - Customer 4 bought Ticket 394
2024-12-12 12:19:24 - Customer 5 bought Ticket 399
2024-12-12 12:19:24 - Customer 2 bought Ticket 396
2024-12-12 12:19:24 - Ticket buffer is full!
2024-12-12 12:19:24 - Customer 2 bought Ticket 397
2024-12-12 12:19:24 - Customer 2 bought Ticket 398
2024-12-12 12:19:25 - Vendor 1 released 6 tickets.
2024-12-12 12:19:25 - Customer 1 bought Ticket 395
2024-12-12 12:19:25 - Customer 1 bought Ticket 400
2024-12-12 12:19:25 - Ticket buffer is full!
2024-12-12 12:19:26 - Ticket buffer is full!
2024-12-12 12:19:27 - Customer 3 bought Ticket 401
2024-12-12 12:19:27 - Ticket buffer is full!
2024-12-12 12:19:27 - Ticket buffer is full!
2024-12-12 12:19:27 - Customer 3 bought Ticket 402
2024-12-12 12:19:27 - Customer 4 bought Ticket 404
2024-12-12 12:19:27 - Ticket buffer is full!
2024-12-12 12:19:27 - Customer 4 bought Ticket 405
2024-12-12 12:19:27 - Ticket buffer is full!
2024-12-12 12:19:27 - Customer 4 bought Ticket 403
2024-12-12 12:19:27 - Ticket buffer is full!
2024-12-12 12:19:27 - Customer 5 bought Ticket 408
2024-12-12 12:19:27 - Vendor 2 released 6 tickets.
2024-12-12 12:19:27 - Customer 2 bought Ticket 406
2024-12-12 12:19:27 - Customer 2 bought Ticket 407
2024-12-12 12:19:28 - Customer 1 bought Ticket 409
2024-12-12 12:19:28 - Ticket buffer is full!
2024-12-12 12:19:28 - Customer 1 bought Ticket 410
2024-12-12 12:19:28 - Customer 1 bought Ticket 411
2024-12-12 12:19:28 - Ticket buffer is full!
2024-12-12 12:19:30 - Vendor 1 released 6 tickets.
2024-12-12 12:19:30 - Ticket buffer is full!
2024-12-12 12:19:30 - Customer 3 bought Ticket 413
2024-12-12 12:19:30 - Ticket buffer is full!
2024-12-12 12:19:30 - Customer 4 bought Ticket 414
2024-12-12 12:19:30 - Ticket buffer is full!
2024-12-12 12:19:30 - Customer 2 bought Ticket 415
2024-12-12 12:19:30 - Ticket buffer is full!
2024-12-12 12:19:30 - Customer 5 bought Ticket 416
2024-12-12 12:19:30 - Customer 5 bought Ticket 417
2024-12-12 12:19:30 - Customer 5 bought Ticket 412
2024-12-12 12:24:25 - Simulation Started
2024-12-12 12:24:25 - Waiting for the ticket to be available.
2024-12-12 12:24:25 - Vendor 1 released 3 tickets.
2024-12-12 12:24:25 - Customer 1 bought Ticket 1
2024-12-12 12:24:25 - Vendor 2 released 3 tickets.
2024-12-12 12:24:25 - Customer 3 bought Ticket 5
2024-12-12 12:24:25 - Customer 1 bought Ticket 2
2024-12-12 12:24:25 - Waiting for the ticket to be available.
2024-12-12 12:24:25 - Customer 3 bought Ticket 3
2024-12-12 12:24:25 - Customer 1 bought Ticket 4
2024-12-12 12:24:25 - Waiting for the ticket to be available.
2024-12-12 12:24:25 - Customer 3 bought Ticket 6
2024-12-12 12:24:26 - Customer 2 bought Ticket 7
2024-12-12 12:24:26 - Waiting for the ticket to be available.
2024-12-12 12:24:26 - Vendor 1 released 3 tickets.
2024-12-12 12:24:26 - Customer 4 bought Ticket 8
2024-12-12 12:24:26 - Customer 4 bought Ticket 9
2024-12-12 12:24:26 - Customer 5 bought Ticket 10
2024-12-12 12:24:26 - Vendor 2 released 3 tickets.
2024-12-12 12:24:26 - Customer 5 bought Ticket 11
2024-12-12 12:24:27 - Vendor 1 released 3 tickets.
2024-12-12 12:24:27 - Vendor 2 released 3 tickets.
2024-12-12 12:24:28 - Vendor 1 released 3 tickets.
2024-12-12 12:24:28 - Ticket buffer is full!
2024-12-12 12:24:29 - Customer 1 bought Ticket 12
2024-12-12 12:24:29 - Vendor 2 released 3 tickets.
2024-12-12 12:24:29 - Customer 3 bought Ticket 14
2024-12-12 12:24:29 - Customer 1 bought Ticket 13
2024-12-12 12:24:29 - Customer 3 bought Ticket 15
2024-12-12 12:24:29 - Ticket buffer is full!
2024-12-12 12:24:30 - Customer 2 bought Ticket 16
2024-12-12 12:24:30 - Ticket buffer is full!
2024-12-12 12:24:30 - Customer 4 bought Ticket 17
2024-12-12 12:24:30 - Vendor 1 released 3 tickets.
2024-12-12 12:24:30 - Customer 4 bought Ticket 18
2024-12-12 12:24:30 - Customer 4 bought Ticket 19
2024-12-12 12:24:30 - Customer 5 bought Ticket 20
2024-12-12 12:24:30 - Vendor 2 released 3 tickets.
2024-12-12 12:24:30 - Customer 5 bought Ticket 21
2024-12-12 12:24:31 - Ticket buffer is full!
2024-12-12 12:24:31 - Ticket buffer is full!
2024-12-12 12:24:33 - Ticket buffer is full!
2024-12-12 12:24:33 - Customer 3 bought Ticket 23
2024-12-12 12:24:33 - Vendor 1 released 3 tickets.
2024-12-12 12:24:33 - Customer 1 bought Ticket 22
2024-12-12 12:24:33 - Customer 3 bought Ticket 24
2024-12-12 12:24:34 - Customer 4 bought Ticket 26
2024-12-12 12:24:34 - Vendor 2 released 3 tickets.
2024-12-12 12:24:34 - Customer 2 bought Ticket 25
2024-12-12 12:24:34 - Customer 4 bought Ticket 27
2024-12-12 12:24:34 - Customer 5 bought Ticket 28
2024-12-12 12:24:34 - Vendor 1 released 3 tickets.
2024-12-12 12:24:34 - Customer 5 bought Ticket 29
2024-12-12 12:24:35 - Ticket buffer is full!
2024-12-12 12:24:35 - Ticket buffer is full!
2024-12-12 12:24:37 - Ticket buffer is full!
2024-12-12 12:24:37 - Customer 1 bought Ticket 32
2024-12-12 12:24:37 - Vendor 2 released 3 tickets.
2024-12-12 12:24:37 - Customer 3 bought Ticket 30
2024-12-12 12:24:37 - Customer 1 bought Ticket 34
2024-12-12 12:24:37 - Customer 3 bought Ticket 31
2024-12-12 12:24:38 - Customer 4 bought Ticket 33
2024-12-12 12:24:38 - Vendor 1 released 3 tickets.
2024-12-12 12:24:38 - Customer 2 bought Ticket 35
2024-12-12 12:24:38 - Customer 2 bought Ticket 36
2024-12-12 12:24:38 - Customer 2 bought Ticket 37
2024-12-12 12:24:38 - Ticket buffer is full!
2024-12-12 12:24:38 - Customer 5 bought Ticket 38
2024-12-12 12:24:38 - Vendor 2 released 3 tickets.
2024-12-12 12:24:38 - Customer 5 bought Ticket 39
2024-12-12 12:24:38 - Customer 5 bought Ticket 40
2024-12-12 12:24:39 - Ticket buffer is full!
2024-12-12 12:24:39 - Ticket buffer is full!
2024-12-12 12:24:41 - Customer 1 bought Ticket 41
2024-12-12 12:24:41 - Customer 3 bought Ticket 42
2024-12-12 12:24:41 - Ticket buffer is full!
2024-12-12 12:24:41 - Vendor 1 released 3 tickets.
2024-12-12 12:24:41 - Customer 3 bought Ticket 43
2024-12-12 12:24:42 - Vendor 2 released 3 tickets.
2024-12-12 12:24:42 - Customer 4 bought Ticket 44
2024-12-12 12:24:42 - Ticket buffer is full!
2024-12-12 12:24:42 - Customer 2 bought Ticket 45
2024-12-12 12:24:42 - Customer 2 bought Ticket 46
2024-12-12 12:24:42 - Customer 5 bought Ticket 47
2024-12-12 12:24:42 - Vendor 1 released 3 tickets.
2024-12-12 12:24:42 - Error - Vendor 1 was interrupted.
2024-12-12 12:24:42 - Error - Customer ID: 3 Interrupted
2024-12-12 12:24:42 - Error - Vendor 2 was interrupted.
2024-12-12 12:24:42 - Error - Customer ID: 2 Interrupted
2024-12-12 12:24:42 - Error - Customer ID: 1 Interrupted
2024-12-12 12:24:42 - Error - Customer ID: 4 Interrupted
2024-12-12 12:24:42 - Error - Customer ID: 5 Interrupted
2024-12-12 12:24:42 - Simulation Stopped
2025-01-05 19:11:37 - Simulation Started
2025-01-05 19:11:37 - Vendor 2 released 5 tickets.
2025-01-05 19:11:37 - Customer 1 bought Ticket 1
2025-01-05 19:11:37 - Customer 4 bought Ticket 5
2025-01-05 19:11:37 - Customer 3 bought Ticket 3
2025-01-05 19:11:37 - Vendor 1 released 5 tickets.
2025-01-05 19:11:37 - Customer 2 bought Ticket 2
2025-01-05 19:11:37 - Customer 5 bought Ticket 8
2025-01-05 19:11:37 - Customer 4 bought Ticket 6
2025-01-05 19:11:37 - Customer 3 bought Ticket 4
2025-01-05 19:11:37 - Customer 4 bought Ticket 7
2025-01-05 19:11:38 - Vendor 2 released 5 tickets.
2025-01-05 19:11:38 - Ticket buffer is full!
2025-01-05 19:11:39 - Ticket buffer is full!
2025-01-05 19:11:40 - Customer 4 bought Ticket 9
2025-01-05 19:11:40 - Vendor 1 released 5 tickets.
2025-01-05 19:11:40 - Customer 5 bought Ticket 12
2025-01-05 19:11:40 - Customer 4 bought Ticket 10
2025-01-05 19:11:40 - Customer 1 bought Ticket 13
2025-01-05 19:11:40 - Customer 3 bought Ticket 17
2025-01-05 19:11:40 - Customer 2 bought Ticket 16
2025-01-05 19:11:40 - Vendor 2 released 5 tickets.
2025-01-05 19:11:40 - Customer 4 bought Ticket 11
2025-01-05 19:11:40 - Customer 1 bought Ticket 14
2025-01-05 19:11:40 - Customer 3 bought Ticket 18
2025-01-05 19:11:40 - Customer 3 bought Ticket 19
2025-01-05 19:11:40 - Customer 1 bought Ticket 15
2025-01-05 19:11:41 - Ticket buffer is full!
2025-01-05 19:11:41 - Ticket buffer is full!
2025-01-05 19:11:43 - Customer 5 bought Ticket 22
2025-01-05 19:11:43 - Customer 2 bought Ticket 27
2025-01-05 19:11:43 - Customer 3 bought Ticket 24
2025-01-05 19:11:43 - Vendor 2 released 5 tickets.
2025-01-05 19:11:43 - Vendor 1 released 5 tickets.
2025-01-05 19:11:43 - Customer 1 bought Ticket 21
2025-01-05 19:11:43 - Customer 4 bought Ticket 28
2025-01-05 19:11:43 - Customer 5 bought Ticket 23
2025-01-05 19:11:43 - Customer 3 bought Ticket 25
2025-01-05 19:11:43 - Customer 1 bought Ticket 20
2025-01-05 19:11:43 - Customer 4 bought Ticket 29
2025-01-05 19:11:43 - Customer 3 bought Ticket 26
2025-01-05 19:11:43 - Customer 4 bought Ticket 30
2025-01-05 19:11:44 - Vendor 2 released 5 tickets.
2025-01-05 19:11:44 - Ticket buffer is full!
2025-01-05 19:11:44 - Ticket buffer is full!
2025-01-05 19:11:44 - Error - Customer ID: 3 Interrupted
2025-01-05 19:11:44 - Error - Customer ID: 5 Interrupted
2025-01-05 19:11:44 - Error - Customer ID: 2 Interrupted
2025-01-05 19:11:44 - Error - Vendor 2 was interrupted.
2025-01-05 19:11:44 - Error - Customer ID: 1 Interrupted
2025-01-05 19:11:44 - Error - Customer ID: 4 Interrupted
2025-01-05 19:11:44 - Ticket buffer is full!
2025-01-05 19:11:44 - Ticket buffer is full!
2025-01-05 19:11:44 - Ticket buffer is full!
2025-01-05 19:11:44 - Vendor 1 released 5 tickets.
2025-01-05 19:11:44 - Error - Vendor 1 was interrupted.
2025-01-05 19:11:44 - Simulation Stopped
2025-01-05 19:12:26 - Simulation Started
2025-01-05 19:12:26 - Ticket buffer is full!
2025-01-05 19:12:26 - Waiting for the ticket to be available.
2025-01-05 19:12:26 - Customer 5 bought Ticket 31
2025-01-05 19:12:26 - Customer 4 bought Ticket 34
2025-01-05 19:12:26 - Customer 3 bought Ticket 36
2025-01-05 19:12:26 - Customer 1 bought Ticket 40
2025-01-05 19:12:26 - Vendor 1 released 5 tickets.
2025-01-05 19:12:26 - Customer 5 bought Ticket 32
2025-01-05 19:12:26 - Vendor 2 released 5 tickets.
2025-01-05 19:12:26 - Customer 3 bought Ticket 38
2025-01-05 19:12:26 - Customer 4 bought Ticket 35
2025-01-05 19:12:26 - Customer 2 bought Ticket 41
2025-01-05 19:12:26 - Customer 5 bought Ticket 33
2025-01-05 19:12:26 - Customer 3 bought Ticket 39
2025-01-05 19:12:26 - Customer 2 bought Ticket 47
2025-01-05 19:12:27 - Ticket buffer is full!
2025-01-05 19:12:27 - Ticket buffer is full!
2025-01-05 19:12:29 - Ticket buffer is full!
2025-01-05 19:12:29 - Customer 1 bought Ticket 48
2025-01-05 19:12:29 - Ticket buffer is full!
2025-01-05 19:12:29 - Ticket buffer is full!
2025-01-05 19:12:29 - Customer 2 bought Ticket 51
2025-01-05 19:12:29 - Customer 5 bought Ticket 46
2025-01-05 19:12:29 - Customer 4 bought Ticket 49
2025-01-05 19:12:29 - Customer 3 bought Ticket 50
2025-01-05 19:12:29 - Vendor 1 released 5 tickets.
2025-01-05 19:12:30 - Ticket buffer is full!
2025-01-05 19:12:30 - Error - Customer ID: 1 Interrupted
2025-01-05 19:12:30 - Ticket buffer is full!
2025-01-05 19:12:30 - Error - Customer ID: 3 Interrupted
2025-01-05 19:12:30 - Error - Customer ID: 2 Interrupted
2025-01-05 19:12:30 - Error - Customer ID: 4 Interrupted
2025-01-05 19:12:30 - Error - Customer ID: 5 Interrupted
2025-01-05 19:12:30 - Ticket buffer is full!
2025-01-05 19:12:30 - Ticket buffer is full!
2025-01-05 19:12:30 - Ticket buffer is full!
2025-01-05 19:12:30 - Vendor 1 released 5 tickets.
2025-01-05 19:12:30 - Ticket buffer is full!
2025-01-05 19:12:30 - Error - Vendor 1 was interrupted.
2025-01-05 19:12:30 - Ticket buffer is full!
2025-01-05 19:12:30 - Ticket buffer is full!
2025-01-05 19:12:30 - Vendor 2 released 5 tickets.
2025-01-05 19:12:30 - Error - Vendor 2 was interrupted.
2025-01-05 19:12:30 - Simulation Stopped
2025-01-05 19:12:44 - Simulation Started
2025-01-05 19:12:44 - Ticket buffer is full!
2025-01-05 19:12:44 - Customer 3 bought Ticket 56
2025-01-05 19:12:44 - Vendor 1 released 5 tickets.
2025-01-05 19:12:44 - Customer 1 bought Ticket 60
2025-01-05 19:12:44 - Vendor 2 released 5 tickets.
2025-01-05 19:12:44 - Customer 4 bought Ticket 55
2025-01-05 19:12:44 - Customer 2 bought Ticket 57
2025-01-05 19:12:44 - Customer 5 bought Ticket 52
2025-01-05 19:12:44 - Customer 5 bought Ticket 53
2025-01-05 19:12:44 - Customer 2 bought Ticket 59
2025-01-05 19:12:44 - Customer 1 bought Ticket 61
2025-01-05 19:12:44 - Customer 1 bought Ticket 58
2025-01-05 19:12:44 - Customer 5 bought Ticket 54
2025-01-05 19:12:45 - Ticket buffer is full!
2025-01-05 19:12:45 - Ticket buffer is full!
2025-01-05 19:12:47 - Vendor 2 released 5 tickets.
2025-01-05 19:12:47 - Customer 5 bought Ticket 77
2025-01-05 19:12:47 - Customer 1 bought Ticket 71
2025-01-05 19:12:47 - Vendor 1 released 5 tickets.
2025-01-05 19:12:47 - Customer 4 bought Ticket 72
2025-01-05 19:12:47 - Customer 3 bought Ticket 78
2025-01-05 19:12:47 - Customer 2 bought Ticket 81
2025-01-05 19:12:47 - Customer 1 bought Ticket 76
2025-01-05 19:12:47 - Customer 2 bought Ticket 83
2025-01-05 19:12:47 - Customer 3 bought Ticket 79
2025-01-05 19:12:47 - Customer 4 bought Ticket 73
2025-01-05 19:12:47 - Customer 1 bought Ticket 75
2025-01-05 19:12:47 - Customer 3 bought Ticket 80
2025-01-05 19:12:47 - Customer 4 bought Ticket 74
2025-01-05 19:12:47 - Error - Vendor 1 was interrupted.
2025-01-05 19:12:47 - Error - Customer ID: 4 Interrupted
2025-01-05 19:12:47 - Error - Customer ID: 1 Interrupted
2025-01-05 19:12:47 - Error - Vendor 2 was interrupted.
2025-01-05 19:12:47 - Error - Customer ID: 2 Interrupted
2025-01-05 19:12:47 - Error - Customer ID: 3 Interrupted
2025-01-05 19:12:47 - Error - Customer ID: 5 Interrupted
2025-01-05 19:12:47 - Simulation Stopped
2025-01-09 19:26:32 - Simulation Started
2025-01-09 19:26:32 - Vendor 2 released 5 tickets.
2025-01-09 19:26:32 - Customer 1 bought Ticket 1
2025-01-09 19:26:32 - Vendor 1 released 5 tickets.
2025-01-09 19:26:32 - Customer 3 bought Ticket 5
2025-01-09 19:26:32 - Customer 5 bought Ticket 8
2025-01-09 19:26:32 - Customer 4 bought Ticket 3
2025-01-09 19:26:32 - Customer 2 bought Ticket 2
2025-01-09 19:26:32 - Customer 4 bought Ticket 4
2025-01-09 19:26:32 - Customer 5 bought Ticket 9
2025-01-09 19:26:32 - Customer 3 bought Ticket 6
2025-01-09 19:26:32 - Customer 3 bought Ticket 7
2025-01-09 19:26:32 - Customer 5 bought Ticket 10
2025-01-09 19:26:33 - Vendor 2 released 5 tickets.
2025-01-09 19:26:33 - Vendor 1 released 5 tickets.
2025-01-09 19:26:34 - Ticket buffer is full!
2025-01-09 19:26:34 - Ticket buffer is full!
2025-01-09 19:26:35 - Customer 1 bought Ticket 11
2025-01-09 19:26:35 - Customer 5 bought Ticket 13
2025-01-09 19:26:35 - Ticket buffer is full!
2025-01-09 19:26:35 - Customer 5 bought Ticket 14
2025-01-09 19:26:35 - Ticket buffer is full!
2025-01-09 19:26:35 - Customer 3 bought Ticket 17
2025-01-09 19:26:35 - Customer 4 bought Ticket 16
2025-01-09 19:26:35 - Vendor 1 released 5 tickets.
2025-01-09 19:26:35 - Customer 2 bought Ticket 12
2025-01-09 19:26:35 - Customer 5 bought Ticket 15
2025-01-09 19:26:35 - Customer 3 bought Ticket 18
2025-01-09 19:26:35 - Customer 3 bought Ticket 19
2025-01-09 19:26:36 - Ticket buffer is full!
2025-01-09 19:26:38 - Customer 2 bought Ticket 24
2025-01-09 19:26:38 - Waiting for the ticket to be available.
2025-01-09 19:26:38 - Vendor 2 released 5 tickets.
2025-01-09 19:26:38 - Customer 5 bought Ticket 20
2025-01-09 19:26:38 - Customer 4 bought Ticket 26
2025-01-09 19:26:38 - Customer 1 bought Ticket 27
2025-01-09 19:26:38 - Customer 2 bought Ticket 25
2025-01-09 19:26:38 - Customer 4 bought Ticket 29
2025-01-09 19:26:38 - Vendor 1 released 5 tickets.
2025-01-09 19:26:38 - Customer 3 bought Ticket 31
2025-01-09 19:26:38 - Customer 5 bought Ticket 21
2025-01-09 19:26:38 - Customer 1 bought Ticket 28
2025-01-09 19:26:38 - Customer 4 bought Ticket 30
2025-01-09 19:26:38 - Customer 3 bought Ticket 32
2025-01-09 19:26:38 - Customer 2 bought Ticket 22
2025-01-09 19:26:38 - Customer 5 bought Ticket 23
2025-01-09 19:26:38 - Customer 3 bought Ticket 33
2025-01-09 19:26:39 - Ticket buffer is full!
2025-01-09 19:26:39 - Vendor 2 released 5 tickets.
2025-01-09 19:26:40 - Ticket buffer is full!
2025-01-09 19:26:41 - Customer 4 bought Ticket 43
2025-01-09 19:26:41 - Customer 3 bought Ticket 38
2025-01-09 19:26:41 - Customer 5 bought Ticket 36
2025-01-09 19:26:41 - Customer 1 bought Ticket 34
2025-01-09 19:26:41 - Vendor 1 released 5 tickets.
2025-01-09 19:26:41 - Customer 2 bought Ticket 41
2025-01-09 19:26:41 - Vendor 2 released 5 tickets.
2025-01-09 19:26:41 - Customer 3 bought Ticket 39
2025-01-09 19:26:41 - Customer 1 bought Ticket 35
2025-01-09 19:26:41 - Customer 2 bought Ticket 37
2025-01-09 19:26:41 - Customer 3 bought Ticket 40
2025-01-09 19:26:41 - Customer 2 bought Ticket 42
2025-01-09 19:26:42 - Ticket buffer is full!
2025-01-09 19:26:42 - Ticket buffer is full!
2025-01-09 19:26:44 - Ticket buffer is full!
2025-01-09 19:26:44 - Error - Customer ID: 4 Interrupted
2025-01-09 19:26:44 - Error - Customer ID: 3 Interrupted
2025-01-09 19:26:44 - Error - Customer ID: 1 Interrupted
2025-01-09 19:26:44 - Ticket buffer is full!
2025-01-09 19:26:44 - Error - Customer ID: 2 Interrupted
2025-01-09 19:26:44 - Error - Customer ID: 5 Interrupted
2025-01-09 19:26:44 - Ticket buffer is full!
2025-01-09 19:26:44 - Vendor 1 released 5 tickets.
2025-01-09 19:26:44 - Ticket buffer is full!
2025-01-09 19:26:44 - Error - Vendor 1 was interrupted.
2025-01-09 19:26:44 - Ticket buffer is full!
2025-01-09 19:26:44 - Vendor 2 released 5 tickets.
2025-01-09 19:26:44 - Error - Vendor 2 was interrupted.
2025-01-09 19:26:44 - Simulation Stopped
